<?xml version="1.0" encoding="UTF-8"?>
<testng-results skipped="0" failed="0" total="1" passed="1">
  <reporter-output>
  </reporter-output>
  <suite name="Default suite" duration-ms="79185" started-at="2019-05-01T01:49:17Z" finished-at="2019-05-01T01:50:36Z">
    <groups>
    </groups>
    <test name="Default test" duration-ms="79185" started-at="2019-05-01T01:49:17Z" finished-at="2019-05-01T01:50:36Z">
      <class name="com.game.test.RandomPlayer_TC001">
        <test-method status="PASS" signature="beforeClass()[pri:0, instance:com.game.test.RandomPlayer_TC001@3e2e18f2]" name="beforeClass" is-config="true" duration-ms="19940" started-at="2019-04-30T21:49:17Z" finished-at="2019-04-30T21:49:37Z">
          <reporter-output>
          </reporter-output>
        </test-method> <!-- beforeClass -->
        <test-method status="PASS" signature="RandomPlayer_TestCase001(java.util.Map)[pri:0, instance:com.game.test.RandomPlayer_TC001@3e2e18f2]" name="RandomPlayer_TestCase001" duration-ms="57067" started-at="2019-04-30T21:49:39Z" data-provider="data" finished-at="2019-04-30T21:50:36Z">
          <params>
            <param index="0">
              <value>
                <![CDATA[{LeagueTitle=NBA BASKETBALL, TestID=TC001, PlayerName=Chris Paul, UserEmail=nathiyapanneer3@gmail.com, Password=testing}]]>
              </value>
            </param>
          </params>
          <reporter-output>
          </reporter-output>
        </test-method> <!-- RandomPlayer_TestCase001 -->
      </class> <!-- com.game.test.RandomPlayer_TC001 -->
    </test> <!-- Default test -->
  </suite> <!-- Default suite -->
</testng-results>
